platforms/android/app/build/outputs/logs/manifest-merger-debug-report.txt
-- Merging decision tree log ---
provider#com.moe.pushlibrary.providers.MoEProvider
INJECTED from src/main/AndroidManifest.xml:11:9-160
MERGED from [com.moengage:moengagesdk:3.1.03] AndroidManifest.xml:29:9-32:40
MERGED from [com.moengage:moengagesdk:3.1.03] AndroidManifest.xml:29:9-32:40
	android:authorities
		INJECTED from src/main/AndroidManifest.xml
		ADDED from src/main/AndroidManifest.xml:11:19-75
	android:exported
		ADDED from src/main/AndroidManifest.xml:11:76-100
	android:name
		ADDED from src/main/AndroidManifest.xml:11:101-157
data
INJECTED from src/main/AndroidManifest.xml:15:17-82
	android:path
		INJECTED from src/main/AndroidManifest.xml
		ADDED from src/main/AndroidManifest.xml:15:23-54
	android:scheme
		ADDED from src/main/AndroidManifest.xml:15:55-79
manifest
ADDED from src/main/AndroidManifest.xml:2:1-30:12
INJECTED from src/main/AndroidManifest.xml:2:1-30:12
INJECTED from src/main/AndroidManifest.xml:2:1-30:12
INJECTED from src/main/AndroidManifest.xml:2:1-30:12
MERGED from [com.moengage:moe-android-sdk:9.1.03] AndroidManifest.xml:2:1-12:12
MERGED from [com.google.firebase:firebase-messaging:17.0.0] AndroidManifest.xml:17:1-37:12
MERGED from [com.moengage:moe-push-firebase:3.1.00] AndroidManifest.xml:2:1-11:12
MERGED from [:CordovaLib] AndroidManifest.xml:20:1-27:12
MERGED from [com.moengage:moengagesdk:3.1.03] AndroidManifest.xml:2:1-66:12
MERGED from [com.moengage:pushbase:3.1.00] AndroidManifest.xml:2:1-38:12
MERGED from [com.moengage:inapp:3.1.00] AndroidManifest.xml:2:1-14:12
MERGED from [com.moengage:moe-location-lib:5.1.00] AndroidManifest.xml:2:1-19:12
MERGED from [com.moengage:addon-messaging:3.1.00] AndroidManifest.xml:2:1-29:12
MERGED from [com.moengage:addon-realtime-trigger:2.1.01] AndroidManifest.xml:2:1-28:12
MERGED from [com.google.firebase:firebase-iid:16.0.0] AndroidManifest.xml:17:1-65:12
MERGED from [com.google.firebase:firebase-common:16.0.0] AndroidManifest.xml:2:1-16:12
MERGED from [com.google.firebase:firebase-iid-interop:16.0.0] AndroidManifest.xml:2:1-10:12
MERGED from [com.google.android.gms:play-services-base:15.0.1] AndroidManifest.xml:17:1-29:12
MERGED from [com.google.android.gms:play-services-tasks:15.0.1] AndroidManifest.xml:2:1-9:12
MERGED from [com.google.firebase:firebase-measurement-connector:16.0.0] AndroidManifest.xml:17:1-25:12
MERGED from [com.google.android.gms:play-services-stats:15.0.1] AndroidManifest.xml:2:1-9:12
MERGED from [com.google.android.gms:play-services-basement:15.0.1] AndroidManifest.xml:17:1-28:12
MERGED from [com.android.support:support-v4:26.1.0] AndroidManifest.xml:17:1-31:12
MERGED from [com.android.support:support-media-compat:26.1.0] AndroidManifest.xml:17:1-31:12
MERGED from [com.android.support:support-fragment:26.1.0] AndroidManifest.xml:17:1-31:12
MERGED from [com.android.support:support-core-utils:26.1.0] AndroidManifest.xml:17:1-31:12
MERGED from [com.android.support:support-core-ui:26.1.0] AndroidManifest.xml:17:1-31:12
MERGED from [com.android.support:support-compat:26.1.0] AndroidManifest.xml:17:1-31:12
MERGED from [android.arch.lifecycle:runtime:1.0.0] AndroidManifest.xml:17:1-30:12
INJECTED from src/main/AndroidManifest.xml:2:1-30:12
INJECTED from src/main/AndroidManifest.xml:2:1-30:12
INJECTED from src/main/AndroidManifest.xml:2:1-30:12
	package
		ADDED from src/main/AndroidManifest.xml:2:102-139
		INJECTED from src/main/AndroidManifest.xml
		INJECTED from src/main/AndroidManifest.xml
	android:versionName
		ADDED from src/main/AndroidManifest.xml:2:74-101
		INJECTED from src/main/AndroidManifest.xml
		INJECTED from src/main/AndroidManifest.xml
	android:hardwareAccelerated
		ADDED from src/main/AndroidManifest.xml:2:11-45
	xmlns:android
		ADDED from src/main/AndroidManifest.xml:2:140-198
	android:versionCode
		ADDED from src/main/AndroidManifest.xml:2:46-73
		INJECTED from src/main/AndroidManifest.xml
		INJECTED from src/main/AndroidManifest.xml
supports-screens
ADDED from src/main/AndroidManifest.xml:3:5-191
	android:largeScreens
		ADDED from src/main/AndroidManifest.xml:3:49-76
	android:smallScreens
		ADDED from src/main/AndroidManifest.xml:3:132-159
	android:normalScreens
		ADDED from src/main/AndroidManifest.xml:3:77-105
	android:xlargeScreens
		ADDED from src/main/AndroidManifest.xml:3:160-188
	android:resizeable
		ADDED from src/main/AndroidManifest.xml:3:106-131
	android:anyDensity
		ADDED from src/main/AndroidManifest.xml:3:23-48
application
ADDED from src/main/AndroidManifest.xml:4:5-28:19
MERGED from [com.moengage:moe-android-sdk:9.1.03] AndroidManifest.xml:9:5-10:19
MERGED from [com.moengage:moe-android-sdk:9.1.03] AndroidManifest.xml:9:5-10:19
MERGED from [com.google.firebase:firebase-messaging:17.0.0] AndroidManifest.xml:22:5-35:19
MERGED from [com.google.firebase:firebase-messaging:17.0.0] AndroidManifest.xml:22:5-35:19
MERGED from [com.moengage:moengagesdk:3.1.03] AndroidManifest.xml:11:5-64:19
MERGED from [com.moengage:moengagesdk:3.1.03] AndroidManifest.xml:11:5-64:19
MERGED from [com.moengage:pushbase:3.1.00] AndroidManifest.xml:11:5-36:19
MERGED from [com.moengage:pushbase:3.1.00] AndroidManifest.xml:11:5-36:19
MERGED from [com.moengage:inapp:3.1.00] AndroidManifest.xml:11:5-12:19
MERGED from [com.moengage:inapp:3.1.00] AndroidManifest.xml:11:5-12:19
MERGED from [com.moengage:moe-location-lib:5.1.00] AndroidManifest.xml:11:5-17:19
MERGED from [com.moengage:moe-location-lib:5.1.00] AndroidManifest.xml:11:5-17:19
MERGED from [com.moengage:addon-messaging:3.1.00] AndroidManifest.xml:11:5-27:19
MERGED from [com.moengage:addon-messaging:3.1.00] AndroidManifest.xml:11:5-27:19
MERGED from [com.moengage:addon-realtime-trigger:2.1.01] AndroidManifest.xml:11:5-26:19
MERGED from [com.moengage:addon-realtime-trigger:2.1.01] AndroidManifest.xml:11:5-26:19
MERGED from [com.google.firebase:firebase-iid:16.0.0] AndroidManifest.xml:34:5-63:19
MERGED from [com.google.firebase:firebase-iid:16.0.0] AndroidManifest.xml:34:5-63:19
MERGED from [com.google.firebase:firebase-common:16.0.0] AndroidManifest.xml:8:5-14:19
MERGED from [com.google.firebase:firebase-common:16.0.0] AndroidManifest.xml:8:5-14:19
MERGED from [com.google.firebase:firebase-iid-interop:16.0.0] AndroidManifest.xml:7:5-8:19
MERGED from [com.google.firebase:firebase-iid-interop:16.0.0] AndroidManifest.xml:7:5-8:19
MERGED from [com.google.android.gms:play-services-base:15.0.1] AndroidManifest.xml:22:5-27:19
MERGED from [com.google.android.gms:play-services-base:15.0.1] AndroidManifest.xml:22:5-27:19
MERGED from [com.google.android.gms:play-services-tasks:15.0.1] AndroidManifest.xml:7:5-20
MERGED from [com.google.android.gms:play-services-tasks:15.0.1] AndroidManifest.xml:7:5-20
MERGED from [com.google.firebase:firebase-measurement-connector:16.0.0] AndroidManifest.xml:22:5-23:19
MERGED from [com.google.firebase:firebase-measurement-connector:16.0.0] AndroidManifest.xml:22:5-23:19
MERGED from [com.google.android.gms:play-services-stats:15.0.1] AndroidManifest.xml:7:5-20
MERGED from [com.google.android.gms:play-services-stats:15.0.1] AndroidManifest.xml:7:5-20
MERGED from [com.google.android.gms:play-services-basement:15.0.1] AndroidManifest.xml:22:5-26:19
MERGED from [com.google.android.gms:play-services-basement:15.0.1] AndroidManifest.xml:22:5-26:19
MERGED from [com.android.support:support-v4:26.1.0] AndroidManifest.xml:25:5-29:19
MERGED from [com.android.support:support-v4:26.1.0] AndroidManifest.xml:25:5-29:19
MERGED from [com.android.support:support-media-compat:26.1.0] AndroidManifest.xml:25:5-29:19
MERGED from [com.android.support:support-media-compat:26.1.0] AndroidManifest.xml:25:5-29:19
MERGED from [com.android.support:support-fragment:26.1.0] AndroidManifest.xml:25:5-29:19
MERGED from [com.android.support:support-fragment:26.1.0] AndroidManifest.xml:25:5-29:19
MERGED from [com.android.support:support-core-utils:26.1.0] AndroidManifest.xml:25:5-29:19
MERGED from [com.android.support:support-core-utils:26.1.0] AndroidManifest.xml:25:5-29:19
MERGED from [com.android.support:support-core-ui:26.1.0] AndroidManifest.xml:25:5-29:19
MERGED from [com.android.support:support-core-ui:26.1.0] AndroidManifest.xml:25:5-29:19
MERGED from [com.android.support:support-compat:26.1.0] AndroidManifest.xml:25:5-29:19
MERGED from [com.android.support:support-compat:26.1.0] AndroidManifest.xml:25:5-29:19
MERGED from [android.arch.lifecycle:runtime:1.0.0] AndroidManifest.xml:24:5-28:19
MERGED from [android.arch.lifecycle:runtime:1.0.0] AndroidManifest.xml:24:5-28:19
	android:supportsRtl
		ADDED from src/main/AndroidManifest.xml:4:147-173
	android:label
		ADDED from src/main/AndroidManifest.xml:4:81-113
	android:hardwareAccelerated
		ADDED from src/main/AndroidManifest.xml:4:18-52
	android:icon
		ADDED from src/main/AndroidManifest.xml:4:53-80
	android:name
		ADDED from src/main/AndroidManifest.xml:4:114-146
activity#com.moengage.cordova.sample.MainActivity
ADDED from src/main/AndroidManifest.xml:5:9-10:20
	android:label
		ADDED from src/main/AndroidManifest.xml:5:97-134
	android:launchMode
		ADDED from src/main/AndroidManifest.xml:5:135-165
	android:windowSoftInputMode
		ADDED from src/main/AndroidManifest.xml:5:257-299
	android:configChanges
		ADDED from src/main/AndroidManifest.xml:5:19-96
	android:theme
		ADDED from src/main/AndroidManifest.xml:5:194-256
	android:name
		ADDED from src/main/AndroidManifest.xml:5:166-193
intent-filter#android.intent.action.MAIN+android.intent.category.LAUNCHER
ADDED from src/main/AndroidManifest.xml:6:13-9:29
	android:label
		ADDED from src/main/AndroidManifest.xml:6:28-65
action#android.intent.action.MAIN
ADDED from src/main/AndroidManifest.xml:7:17-69
	android:name
		ADDED from src/main/AndroidManifest.xml:7:25-66
category#android.intent.category.LAUNCHER
ADDED from src/main/AndroidManifest.xml:8:17-77
	android:name
		ADDED from src/main/AndroidManifest.xml:8:27-74
receiver#com.moe.pushlibrary.AppUpdateReceiver
ADDED from src/main/AndroidManifest.xml:12:9-17:20
MERGED from [com.moengage:moengagesdk:3.1.03] AndroidManifest.xml:18:9-26:20
MERGED from [com.moengage:moengagesdk:3.1.03] AndroidManifest.xml:18:9-26:20
	android:name
		ADDED from src/main/AndroidManifest.xml:12:19-71
intent-filter#android.intent.action.PACKAGE_REPLACED
ADDED from src/main/AndroidManifest.xml:13:13-16:29
action#android.intent.action.PACKAGE_REPLACED
ADDED from src/main/AndroidManifest.xml:14:17-81
	android:name
		ADDED from src/main/AndroidManifest.xml:14:25-78
service#com.moengage.firebase.MoEngaeFireBaseMessagingService
ADDED from src/main/AndroidManifest.xml:18:9-22:19
	android:name
		ADDED from src/main/AndroidManifest.xml:18:18-86
intent-filter#com.google.firebase.MESSAGING_EVENT
ADDED from src/main/AndroidManifest.xml:19:13-21:29
action#com.google.firebase.MESSAGING_EVENT
ADDED from src/main/AndroidManifest.xml:20:17-78
	android:name
		ADDED from src/main/AndroidManifest.xml:20:25-75
service#com.moengage.firebase.MoEngageFireBaseInstanceIdService
ADDED from src/main/AndroidManifest.xml:23:9-27:19
	android:name
		ADDED from src/main/AndroidManifest.xml:23:18-88
intent-filter#com.google.firebase.INSTANCE_ID_EVENT
ADDED from src/main/AndroidManifest.xml:24:13-26:29
action#com.google.firebase.INSTANCE_ID_EVENT
ADDED from src/main/AndroidManifest.xml:25:17-80
	android:name
		ADDED from src/main/AndroidManifest.xml:25:25-77
uses-sdk
ADDED from src/main/AndroidManifest.xml:29:5-74
MERGED from [com.moengage:moe-android-sdk:9.1.03] AndroidManifest.xml:5:5-7:41
MERGED from [com.moengage:moe-android-sdk:9.1.03] AndroidManifest.xml:5:5-7:41
MERGED from [com.google.firebase:firebase-messaging:17.0.0] AndroidManifest.xml:20:5-44
MERGED from [com.google.firebase:firebase-messaging:17.0.0] AndroidManifest.xml:20:5-44
MERGED from [com.moengage:moe-push-firebase:3.1.00] AndroidManifest.xml:7:5-9:41
MERGED from [com.moengage:moe-push-firebase:3.1.00] AndroidManifest.xml:7:5-9:41
MERGED from [:CordovaLib] AndroidManifest.xml:25:5-44
MERGED from [:CordovaLib] AndroidManifest.xml:25:5-44
MERGED from [com.moengage:moengagesdk:3.1.03] AndroidManifest.xml:7:5-9:41
MERGED from [com.moengage:moengagesdk:3.1.03] AndroidManifest.xml:7:5-9:41
MERGED from [com.moengage:pushbase:3.1.00] AndroidManifest.xml:7:5-9:41
MERGED from [com.moengage:pushbase:3.1.00] AndroidManifest.xml:7:5-9:41
MERGED from [com.moengage:inapp:3.1.00] AndroidManifest.xml:7:5-9:41
MERGED from [com.moengage:inapp:3.1.00] AndroidManifest.xml:7:5-9:41
MERGED from [com.moengage:moe-location-lib:5.1.00] AndroidManifest.xml:7:5-9:41
MERGED from [com.moengage:moe-location-lib:5.1.00] AndroidManifest.xml:7:5-9:41
MERGED from [com.moengage:addon-messaging:3.1.00] AndroidManifest.xml:7:5-9:41
MERGED from [com.moengage:addon-messaging:3.1.00] AndroidManifest.xml:7:5-9:41
MERGED from [com.moengage:addon-realtime-trigger:2.1.01] AndroidManifest.xml:7:5-9:41
MERGED from [com.moengage:addon-realtime-trigger:2.1.01] AndroidManifest.xml:7:5-9:41
MERGED from [com.google.firebase:firebase-iid:16.0.0] AndroidManifest.xml:20:5-44
MERGED from [com.google.firebase:firebase-iid:16.0.0] AndroidManifest.xml:20:5-44
MERGED from [com.google.firebase:firebase-common:16.0.0] AndroidManifest.xml:5:5-6:37
MERGED from [com.google.firebase:firebase-common:16.0.0] AndroidManifest.xml:5:5-6:37
MERGED from [com.google.firebase:firebase-iid-interop:16.0.0] AndroidManifest.xml:5:5-44
MERGED from [com.google.firebase:firebase-iid-interop:16.0.0] AndroidManifest.xml:5:5-44
MERGED from [com.google.android.gms:play-services-base:15.0.1] AndroidManifest.xml:20:5-44
MERGED from [com.google.android.gms:play-services-base:15.0.1] AndroidManifest.xml:20:5-44
MERGED from [com.google.android.gms:play-services-tasks:15.0.1] AndroidManifest.xml:5:5-44
MERGED from [com.google.android.gms:play-services-tasks:15.0.1] AndroidManifest.xml:5:5-44
MERGED from [com.google.firebase:firebase-measurement-connector:16.0.0] AndroidManifest.xml:20:5-44
MERGED from [com.google.firebase:firebase-measurement-connector:16.0.0] AndroidManifest.xml:20:5-44
MERGED from [com.google.android.gms:play-services-stats:15.0.1] AndroidManifest.xml:5:5-44
MERGED from [com.google.android.gms:play-services-stats:15.0.1] AndroidManifest.xml:5:5-44
MERGED from [com.google.android.gms:play-services-basement:15.0.1] AndroidManifest.xml:20:5-44
MERGED from [com.google.android.gms:play-services-basement:15.0.1] AndroidManifest.xml:20:5-44
MERGED from [com.android.support:support-v4:26.1.0] AndroidManifest.xml:21:5-23:54
MERGED from [com.android.support:support-v4:26.1.0] AndroidManifest.xml:21:5-23:54
MERGED from [com.android.support:support-media-compat:26.1.0] AndroidManifest.xml:21:5-23:63
MERGED from [com.android.support:support-media-compat:26.1.0] AndroidManifest.xml:21:5-23:63
MERGED from [com.android.support:support-fragment:26.1.0] AndroidManifest.xml:21:5-23:60
MERGED from [com.android.support:support-fragment:26.1.0] AndroidManifest.xml:21:5-23:60
MERGED from [com.android.support:support-core-utils:26.1.0] AndroidManifest.xml:21:5-23:61
MERGED from [com.android.support:support-core-utils:26.1.0] AndroidManifest.xml:21:5-23:61
MERGED from [com.android.support:support-core-ui:26.1.0] AndroidManifest.xml:21:5-23:58
MERGED from [com.android.support:support-core-ui:26.1.0] AndroidManifest.xml:21:5-23:58
MERGED from [com.android.support:support-compat:26.1.0] AndroidManifest.xml:21:5-23:58
MERGED from [com.android.support:support-compat:26.1.0] AndroidManifest.xml:21:5-23:58
MERGED from [android.arch.lifecycle:runtime:1.0.0] AndroidManifest.xml:20:5-22:41
MERGED from [android.arch.lifecycle:runtime:1.0.0] AndroidManifest.xml:20:5-22:41
	tools:overrideLibrary
		ADDED from [com.android.support:support-v4:26.1.0] AndroidManifest.xml:23:9-51
	android:targetSdkVersion
		ADDED from src/main/AndroidManifest.xml:29:42-71
	android:minSdkVersion
		ADDED from src/main/AndroidManifest.xml:29:15-41
service#com.google.firebase.messaging.FirebaseMessagingService
ADDED from [com.google.firebase:firebase-messaging:17.0.0] AndroidManifest.xml:28:9-34:19
	android:exported
		ADDED from [com.google.firebase:firebase-messaging:17.0.0] AndroidManifest.xml:30:13-36
	android:name
		ADDED from [com.google.firebase:firebase-messaging:17.0.0] AndroidManifest.xml:29:13-82
service#com.moe.pushlibrary.MoEWorker
ADDED from [com.moengage:moengagesdk:3.1.03] AndroidManifest.xml:14:9-16:40
	android:exported
		ADDED from [com.moengage:moengagesdk:3.1.03] AndroidManifest.xml:16:13-37
	android:name
		ADDED from [com.moengage:moengagesdk:3.1.03] AndroidManifest.xml:15:13-57
intent-filter#android.intent.action.ACTION_MY_PACKAGE_REPLACED
ADDED from [com.moengage:moengagesdk:3.1.03] AndroidManifest.xml:19:13-25:29
action#android.intent.action.ACTION_MY_PACKAGE_REPLACED
ADDED from [com.moengage:moengagesdk:3.1.03] AndroidManifest.xml:20:17-91
	android:name
		ADDED from [com.moengage:moengagesdk:3.1.03] AndroidManifest.xml:20:25-88
receiver#com.moengage.core.MoEAlarmReceiver
ADDED from [com.moengage:moengagesdk:3.1.03] AndroidManifest.xml:34:9-37:40
	android:enabled
		ADDED from [com.moengage:moengagesdk:3.1.03] AndroidManifest.xml:36:13-35
	android:exported
		ADDED from [com.moengage:moengagesdk:3.1.03] AndroidManifest.xml:37:13-37
	android:name
		ADDED from [com.moengage:moengagesdk:3.1.03] AndroidManifest.xml:35:13-62
activity#com.moengage.core.integrationVerification.IntegrationVerificationActivity
ADDED from [com.moengage:moengagesdk:3.1.03] AndroidManifest.xml:39:9-54:20
	android:name
		ADDED from [com.moengage:moengagesdk:3.1.03] AndroidManifest.xml:39:19-107
meta-data#showInApp
ADDED from [com.moengage:moengagesdk:3.1.03] AndroidManifest.xml:40:13-42:41
	android:value
		ADDED from [com.moengage:moengagesdk:3.1.03] AndroidManifest.xml:42:17-38
	android:name
		ADDED from [com.moengage:moengagesdk:3.1.03] AndroidManifest.xml:41:17-41
intent-filter#android.intent.action.VIEW+android.intent.category.BROWSABLE+android.intent.category.DEFAULT
ADDED from [com.moengage:moengagesdk:3.1.03] AndroidManifest.xml:44:13-53:29
action#android.intent.action.VIEW
ADDED from [com.moengage:moengagesdk:3.1.03] AndroidManifest.xml:45:17-69
	android:name
		ADDED from [com.moengage:moengagesdk:3.1.03] AndroidManifest.xml:45:25-66
category#android.intent.category.DEFAULT
ADDED from [com.moengage:moengagesdk:3.1.03] AndroidManifest.xml:47:17-76
	android:name
		ADDED from [com.moengage:moengagesdk:3.1.03] AndroidManifest.xml:47:27-73
category#android.intent.category.BROWSABLE
ADDED from [com.moengage:moengagesdk:3.1.03] AndroidManifest.xml:48:17-78
	android:name
		ADDED from [com.moengage:moengagesdk:3.1.03] AndroidManifest.xml:48:27-75
service#com.moengage.core.DataSyncJob
ADDED from [com.moengage:moengagesdk:3.1.03] AndroidManifest.xml:56:9-59:19
	android:permission
		ADDED from [com.moengage:moengagesdk:3.1.03] AndroidManifest.xml:58:13-69
	android:name
		ADDED from [com.moengage:moengagesdk:3.1.03] AndroidManifest.xml:57:13-57
service#com.moengage.core.ScheduledDataSyncJob
ADDED from [com.moengage:moengagesdk:3.1.03] AndroidManifest.xml:60:9-63:19
	android:permission
		ADDED from [com.moengage:moengagesdk:3.1.03] AndroidManifest.xml:62:13-69
	android:name
		ADDED from [com.moengage:moengagesdk:3.1.03] AndroidManifest.xml:61:13-66
activity#com.moengage.pushbase.activities.PushTracker
ADDED from [com.moengage:pushbase:3.1.00] AndroidManifest.xml:12:9-20:20
	android:noHistory
		ADDED from [com.moengage:pushbase:3.1.00] AndroidManifest.xml:15:13-37
	android:configChanges
		ADDED from [com.moengage:pushbase:3.1.00] AndroidManifest.xml:14:13-59
	android:theme
		ADDED from [com.moengage:pushbase:3.1.00] AndroidManifest.xml:16:13-83
	android:name
		ADDED from [com.moengage:pushbase:3.1.00] AndroidManifest.xml:13:13-72
activity#com.moengage.pushbase.activities.SnoozeTracker
ADDED from [com.moengage:pushbase:3.1.00] AndroidManifest.xml:21:9-31:20
	android:excludeFromRecents
		ADDED from [com.moengage:pushbase:3.1.00] AndroidManifest.xml:24:13-46
	android:launchMode
		ADDED from [com.moengage:pushbase:3.1.00] AndroidManifest.xml:25:13-44
	android:configChanges
		ADDED from [com.moengage:pushbase:3.1.00] AndroidManifest.xml:23:13-59
	android:theme
		ADDED from [com.moengage:pushbase:3.1.00] AndroidManifest.xml:27:13-83
	android:taskAffinity
		ADDED from [com.moengage:pushbase:3.1.00] AndroidManifest.xml:26:13-55
	android:name
		ADDED from [com.moengage:pushbase:3.1.00] AndroidManifest.xml:22:13-74
service#com.moengage.pushbase.push.MoEPushWorker
ADDED from [com.moengage:pushbase:3.1.00] AndroidManifest.xml:33:9-35:40
	android:exported
		ADDED from [com.moengage:pushbase:3.1.00] AndroidManifest.xml:35:13-37
	android:name
		ADDED from [com.moengage:pushbase:3.1.00] AndroidManifest.xml:34:13-68
service#com.moengage.locationlibrary.GeofenceIntentService
ADDED from [com.moengage:moe-location-lib:5.1.00] AndroidManifest.xml:14:9-16:40
	android:exported
		ADDED from [com.moengage:moe-location-lib:5.1.00] AndroidManifest.xml:16:13-37
	android:name
		ADDED from [com.moengage:moe-location-lib:5.1.00] AndroidManifest.xml:15:13-78
receiver#com.moengage.addon.messaging.MoEMessageSyncReceiver
ADDED from [com.moengage:addon-messaging:3.1.00] AndroidManifest.xml:12:9-16:20
	android:enabled
		ADDED from [com.moengage:addon-messaging:3.1.00] AndroidManifest.xml:14:13-35
	android:exported
		ADDED from [com.moengage:addon-messaging:3.1.00] AndroidManifest.xml:15:13-37
	android:name
		ADDED from [com.moengage:addon-messaging:3.1.00] AndroidManifest.xml:13:13-79
service#com.moengage.addon.messaging.MoEMessageSyncIntentService
ADDED from [com.moengage:addon-messaging:3.1.00] AndroidManifest.xml:18:9-22:19
	android:enabled
		ADDED from [com.moengage:addon-messaging:3.1.00] AndroidManifest.xml:20:13-35
	android:exported
		ADDED from [com.moengage:addon-messaging:3.1.00] AndroidManifest.xml:21:13-37
	android:name
		ADDED from [com.moengage:addon-messaging:3.1.00] AndroidManifest.xml:19:13-84
service#com.moengage.addon.messaging.MoEMessageSyncJob
ADDED from [com.moengage:addon-messaging:3.1.00] AndroidManifest.xml:23:9-26:19
	android:permission
		ADDED from [com.moengage:addon-messaging:3.1.00] AndroidManifest.xml:25:13-69
	android:name
		ADDED from [com.moengage:addon-messaging:3.1.00] AndroidManifest.xml:24:13-74
service#com.moengage.addon.trigger.DTIntentService
ADDED from [com.moengage:addon-realtime-trigger:2.1.01] AndroidManifest.xml:12:9-15:19
	android:exported
		ADDED from [com.moengage:addon-realtime-trigger:2.1.01] AndroidManifest.xml:14:13-37
	android:name
		ADDED from [com.moengage:addon-realtime-trigger:2.1.01] AndroidManifest.xml:13:13-70
service#com.moengage.addon.trigger.DTSyncJob
ADDED from [com.moengage:addon-realtime-trigger:2.1.01] AndroidManifest.xml:16:9-19:19
	android:permission
		ADDED from [com.moengage:addon-realtime-trigger:2.1.01] AndroidManifest.xml:18:13-69
	android:name
		ADDED from [com.moengage:addon-realtime-trigger:2.1.01] AndroidManifest.xml:17:13-64
receiver#com.moengage.addon.trigger.DTSyncAlarmReceiver
ADDED from [com.moengage:addon-realtime-trigger:2.1.01] AndroidManifest.xml:21:9-25:20
	android:enabled
		ADDED from [com.moengage:addon-realtime-trigger:2.1.01] AndroidManifest.xml:23:13-35
	android:exported
		ADDED from [com.moengage:addon-realtime-trigger:2.1.01] AndroidManifest.xml:24:13-37
	android:name
		ADDED from [com.moengage:addon-realtime-trigger:2.1.01] AndroidManifest.xml:22:13-74
uses-permission#android.permission.ACCESS_NETWORK_STATE
ADDED from [com.google.firebase:firebase-iid:16.0.0] AndroidManifest.xml:22:5-79
	android:name
		ADDED from [com.google.firebase:firebase-iid:16.0.0] AndroidManifest.xml:22:22-76
uses-permission#android.permission.INTERNET
ADDED from [com.google.firebase:firebase-iid:16.0.0] AndroidManifest.xml:23:5-67
	android:name
		ADDED from [com.google.firebase:firebase-iid:16.0.0] AndroidManifest.xml:23:22-64
uses-permission#android.permission.WAKE_LOCK
ADDED from [com.google.firebase:firebase-iid:16.0.0] AndroidManifest.xml:24:5-68
	android:name
		ADDED from [com.google.firebase:firebase-iid:16.0.0] AndroidManifest.xml:24:22-65
uses-permission#com.google.android.c2dm.permission.RECEIVE
ADDED from [com.google.firebase:firebase-iid:16.0.0] AndroidManifest.xml:26:5-82
	android:name
		ADDED from [com.google.firebase:firebase-iid:16.0.0] AndroidManifest.xml:26:22-79
permission#${applicationId}.permission.C2D_MESSAGE
ADDED from [com.google.firebase:firebase-iid:16.0.0] AndroidManifest.xml:28:5-30:47
	android:protectionLevel
		ADDED from [com.google.firebase:firebase-iid:16.0.0] AndroidManifest.xml:30:9-44
	android:name
		ADDED from [com.google.firebase:firebase-iid:16.0.0] AndroidManifest.xml:29:9-63
permission#com.moengage.cordova.sample.permission.C2D_MESSAGE
ADDED from [com.google.firebase:firebase-iid:16.0.0] AndroidManifest.xml:28:5-30:47
	android:protectionLevel
		ADDED from [com.google.firebase:firebase-iid:16.0.0] AndroidManifest.xml:30:9-44
	android:name
		ADDED from [com.google.firebase:firebase-iid:16.0.0] AndroidManifest.xml:29:9-63
uses-permission#${applicationId}.permission.C2D_MESSAGE
ADDED from [com.google.firebase:firebase-iid:16.0.0] AndroidManifest.xml:32:5-79
	android:name
		ADDED from [com.google.firebase:firebase-iid:16.0.0] AndroidManifest.xml:32:22-76
uses-permission#com.moengage.cordova.sample.permission.C2D_MESSAGE
ADDED from [com.google.firebase:firebase-iid:16.0.0] AndroidManifest.xml:32:5-79
	android:name
		ADDED from [com.google.firebase:firebase-iid:16.0.0] AndroidManifest.xml:32:22-76
service#com.google.firebase.components.ComponentDiscoveryService
ADDED from [com.google.firebase:firebase-iid:16.0.0] AndroidManifest.xml:35:9-39:19
	android:name
		ADDED from [com.google.firebase:firebase-iid:16.0.0] AndroidManifest.xml:35:18-89
meta-data#com.google.firebase.components:com.google.firebase.iid.Registrar
ADDED from [com.google.firebase:firebase-iid:16.0.0] AndroidManifest.xml:36:13-38:85
	android:value
		ADDED from [com.google.firebase:firebase-iid:16.0.0] AndroidManifest.xml:38:17-82
	android:name
		ADDED from [com.google.firebase:firebase-iid:16.0.0] AndroidManifest.xml:37:17-96
receiver#com.google.firebase.iid.FirebaseInstanceIdReceiver
ADDED from [com.google.firebase:firebase-iid:16.0.0] AndroidManifest.xml:41:9-50:20
	android:exported
		ADDED from [com.google.firebase:firebase-iid:16.0.0] AndroidManifest.xml:43:13-36
	android:permission
		ADDED from [com.google.firebase:firebase-iid:16.0.0] AndroidManifest.xml:44:13-73
	android:name
		ADDED from [com.google.firebase:firebase-iid:16.0.0] AndroidManifest.xml:42:13-78
intent-filter#${applicationId}+com.google.android.c2dm.intent.RECEIVE
ADDED from [com.google.firebase:firebase-iid:16.0.0] AndroidManifest.xml:45:13-49:29
intent-filter#com.google.android.c2dm.intent.RECEIVE+com.moengage.cordova.sample
ADDED from [com.google.firebase:firebase-iid:16.0.0] AndroidManifest.xml:45:13-49:29
action#com.google.android.c2dm.intent.RECEIVE
ADDED from [com.google.firebase:firebase-iid:16.0.0] AndroidManifest.xml:46:17-81
	android:name
		ADDED from [com.google.firebase:firebase-iid:16.0.0] AndroidManifest.xml:46:25-78
category#${applicationId}
ADDED from [com.google.firebase:firebase-iid:16.0.0] AndroidManifest.xml:48:17-61
	android:name
		ADDED from [com.google.firebase:firebase-iid:16.0.0] AndroidManifest.xml:48:27-58
category#com.moengage.cordova.sample
ADDED from [com.google.firebase:firebase-iid:16.0.0] AndroidManifest.xml:48:17-61
	android:name
		ADDED from [com.google.firebase:firebase-iid:16.0.0] AndroidManifest.xml:48:27-58
service#com.google.firebase.iid.FirebaseInstanceIdService
ADDED from [com.google.firebase:firebase-iid:16.0.0] AndroidManifest.xml:56:9-62:19
	android:exported
		ADDED from [com.google.firebase:firebase-iid:16.0.0] AndroidManifest.xml:58:13-36
	android:name
		ADDED from [com.google.firebase:firebase-iid:16.0.0] AndroidManifest.xml:57:13-77
provider#com.google.firebase.provider.FirebaseInitProvider
ADDED from [com.google.firebase:firebase-common:16.0.0] AndroidManifest.xml:9:9-13:39
	android:authorities
		ADDED from [com.google.firebase:firebase-common:16.0.0] AndroidManifest.xml:11:13-72
	android:exported
		ADDED from [com.google.firebase:firebase-common:16.0.0] AndroidManifest.xml:12:13-37
	android:initOrder
		ADDED from [com.google.firebase:firebase-common:16.0.0] AndroidManifest.xml:13:13-36
	android:name
		ADDED from [com.google.firebase:firebase-common:16.0.0] AndroidManifest.xml:10:13-77
activity#com.google.android.gms.common.api.GoogleApiActivity
ADDED from [com.google.android.gms:play-services-base:15.0.1] AndroidManifest.xml:23:9-26:75
	android:exported
		ADDED from [com.google.android.gms:play-services-base:15.0.1] AndroidManifest.xml:25:13-37
	android:theme
		ADDED from [com.google.android.gms:play-services-base:15.0.1] AndroidManifest.xml:26:13-72
	android:name
		ADDED from [com.google.android.gms:play-services-base:15.0.1] AndroidManifest.xml:24:13-79
meta-data#com.google.android.gms.version
ADDED from [com.google.android.gms:play-services-basement:15.0.1] AndroidManifest.xml:23:9-25:69
	android:value
		ADDED from [com.google.android.gms:play-services-basement:15.0.1] AndroidManifest.xml:25:13-66
	android:name
		ADDED from [com.google.android.gms:play-services-basement:15.0.1] AndroidManifest.xml:24:13-58
meta-data#android.support.VERSION
ADDED from [com.android.support:support-v4:26.1.0] AndroidManifest.xml:26:9-28:38
MERGED from [com.android.support:support-media-compat:26.1.0] AndroidManifest.xml:26:9-28:38
MERGED from [com.android.support:support-media-compat:26.1.0] AndroidManifest.xml:26:9-28:38
MERGED from [com.android.support:support-fragment:26.1.0] AndroidManifest.xml:26:9-28:38
MERGED from [com.android.support:support-fragment:26.1.0] AndroidManifest.xml:26:9-28:38
MERGED from [com.android.support:support-core-utils:26.1.0] AndroidManifest.xml:26:9-28:38
MERGED from [com.android.support:support-core-utils:26.1.0] AndroidManifest.xml:26:9-28:38
MERGED from [com.android.support:support-core-ui:26.1.0] AndroidManifest.xml:26:9-28:38
MERGED from [com.android.support:support-core-ui:26.1.0] AndroidManifest.xml:26:9-28:38